<?xml version="1.0" encoding="UTF-8"?>
<!-- Generated by org.testng.reporters.JUnitReportReporter -->
<testsuite skipped="0" hostname="LAPTOP-GJDICUD1" name="mypackage.SmokeTest" tests="1" failures="0" timestamp="2020-04-16T14:27:56 CDT" time="22.438" errors="0">
  <testcase name="loginTest" time="22.438" classname="mypackage.SmokeTest"/>
  <system-out/>
</testsuite> <!-- mypackage.SmokeTest -->
